<?xml version="1.0" encoding="UTF-8"?>
<testsuite xmlns:xsi="http://www.w3.org/2001/XMLSchema-instance" xsi:noNamespaceSchemaLocation="https://maven.apache.org/surefire/maven-surefire-plugin/xsd/surefire-test-report-3.0.xsd" version="3.0" name="FelineTests" time="0.023" tests="4" errors="0" skipped="0" failures="0">
  <properties>
[...]
</properties>
  <testcase name="eatMeatShouldReturnAnimalsBirdsFish" classname="FelineTests" time="0.007"/>
  <testcase name="getKittensShouldReturnKittensCount" classname="FelineTests" time="0.006"/>
  <testcase name="getKittensShouldReturnOne" classname="FelineTests" time="0.004"/>
  <testcase name="getFamilyShouldReturnFeline" classname="FelineTests" time="0.002"/>
</testsuite>